<?xml version="1.0" encoding="UTF-8"?>
<!-- Generated by org.testng.reporters.JUnitReportReporter -->
<testsuite skipped="0" hostname="DESKTOP-4TKG998" name="ecommerce.RegressionTest" tests="3" failures="0" timestamp="2019-12-29T10:37:18 CST" time="37.695" errors="0">
  <testcase name="verfiryTitle" time="10.328" classname="ecommerce.RegressionTest"/>
  <testcase name="verifyLogo" time="11.099" classname="ecommerce.RegressionTest"/>
  <testcase name="userLogin" time="16.268" classname="ecommerce.RegressionTest"/>
</testsuite> <!-- ecommerce.RegressionTest -->
