<?xml version="1.0" encoding="UTF-8"?>
<!-- Generated by org.testng.reporters.JUnitReportReporter -->
<testsuite skipped="0" hostname="DESKTOP-4TKG998" name="test.MercuryTest" tests="3" failures="0" timestamp="2020-01-04T12:05:13 CST" time="30.866" errors="0">
  <testcase name="verifyLogin" time="12.212" classname="test.MercuryTest"/>
  <testcase name="tileVerification" time="4.916" classname="test.MercuryTest"/>
  <testcase name="verifySearchFlight" time="13.738" classname="test.MercuryTest"/>
</testsuite> <!-- test.MercuryTest -->
