<?xml version="1.0" encoding="UTF-8"?>
<!-- Generated by org.testng.reporters.JUnitReportReporter -->
<testsuite skipped="0" hostname="DESKTOP-4TKG998" name="logintest.AdminLogin" tests="1" failures="0" timestamp="2019-12-28T13:42:34 CST" time="0.002" errors="0">
  <testcase name="adminLoginTest" time="0.002" classname="logintest.AdminLogin"/>
</testsuite> <!-- logintest.AdminLogin -->
