<?xml version="1.0" encoding="UTF-8"?>
<!-- Generated by org.testng.reporters.JUnitReportReporter -->
<testsuite skipped="0" hostname="DESKTOP-4TKG998" name="parameterization.TestNGDataProvider" tests="4" failures="0" timestamp="2020-01-07T18:47:14 CST" time="0.011" errors="0">
  <testcase name="userLoginTest" time="0.001" classname="parameterization.TestNGDataProvider"/>
  <testcase name="userLoginTest" time="0.009" classname="parameterization.TestNGDataProvider"/>
  <testcase name="userLoginTest" time="0.000" classname="parameterization.TestNGDataProvider"/>
  <testcase name="userLoginTest" time="0.001" classname="parameterization.TestNGDataProvider"/>
</testsuite> <!-- parameterization.TestNGDataProvider -->
