<?xml version="1.0" encoding="UTF-8"?>
<!-- Generated by org.testng.reporters.JUnitReportReporter -->
<testsuite skipped="0" hostname="DESKTOP-4TKG998" name="test.TestngXml" tests="7" failures="0" timestamp="2019-12-28T13:42:34 CST" time="0.064" errors="0">
  <testcase name="test4" time="0.002" classname="test.TestngXml"/>
  <testcase name="test1" time="0.002" classname="test.TestngXml"/>
  <testcase name="test2" time="0.051" classname="test.TestngXml"/>
  <testcase name="test3" time="0.003" classname="test.TestngXml"/>
  <testcase name="test2" time="0.002" classname="test.TestngXml"/>
  <testcase name="test4" time="0.003" classname="test.TestngXml"/>
  <testcase name="test3" time="0.001" classname="test.TestngXml"/>
</testsuite> <!-- test.TestngXml -->
