<?xml version="1.0" encoding="UTF-8"?>
<!-- Generated by org.testng.reporters.JUnitReportReporter -->
<testsuite skipped="0" hostname="DESKTOP-4TKG998" name="ecommerce.SmokeTest" tests="3" failures="0" timestamp="2019-12-29T10:37:18 CST" time="24.925" errors="0">
  <testcase name="verfiryTitle" time="6.825" classname="ecommerce.SmokeTest"/>
  <testcase name="verifyLogo" time="6.167" classname="ecommerce.SmokeTest"/>
  <testcase name="userLogin" time="11.933" classname="ecommerce.SmokeTest"/>
</testsuite> <!-- ecommerce.SmokeTest -->
