<?xml version="1.0" encoding="UTF-8"?>
<!-- Generated by org.testng.reporters.JUnitReportReporter -->
<testsuite skipped="0" hostname="DESKTOP-4TKG998" name="paralleltest.RunMethods" tests="3" failures="0" timestamp="2019-12-29T10:33:21 CST" time="0.165" errors="0">
  <testcase name="test2" time="0.055" classname="paralleltest.RunMethods"/>
  <testcase name="test3" time="0.056" classname="paralleltest.RunMethods"/>
  <testcase name="test1" time="0.054" classname="paralleltest.RunMethods"/>
</testsuite> <!-- paralleltest.RunMethods -->
