<?xml version="1.0" encoding="UTF-8"?>
<!-- Generated by org.testng.reporters.JUnitReportReporter -->
<testsuite skipped="0" hostname="DESKTOP-4TKG998" name="test.NopcommerceWithTestngReport" tests="1" failures="0" timestamp="2020-01-03T23:25:43 CST" time="7.364" errors="0">
  <testcase name="logoTest" time="7.364" classname="test.NopcommerceWithTestngReport"/>
</testsuite> <!-- test.NopcommerceWithTestngReport -->
