<?xml version="1.0" encoding="UTF-8"?>
<!-- Generated by org.testng.reporters.JUnitReportReporter -->
<testsuite skipped="0" hostname="DESKTOP-4TKG998" name="test.TestngAnnotations" tests="3" failures="0" timestamp="2019-12-28T13:42:34 CST" time="0.012" errors="0">
  <testcase name="test2" time="0.004" classname="test.TestngAnnotations"/>
  <testcase name="test3" time="0.004" classname="test.TestngAnnotations"/>
  <testcase name="test1" time="0.004" classname="test.TestngAnnotations"/>
</testsuite> <!-- test.TestngAnnotations -->
