<?xml version="1.0" encoding="UTF-8"?>
<!-- Generated by org.testng.reporters.JUnitReportReporter -->
<testsuite skipped="0" hostname="DESKTOP-4TKG998" name="attributes.InvocationCount" tests="3" failures="0" timestamp="2019-12-28T14:19:04 CST" time="0.054" errors="0">
  <testcase name="placeOrder3" time="0.002" classname="attributes.InvocationCount"/>
  <testcase name="placeOrder2" time="0.003" classname="attributes.InvocationCount"/>
  <testcase name="placeOrder" time="0.049" classname="attributes.InvocationCount"/>
</testsuite> <!-- attributes.InvocationCount -->
