<?xml version="1.0" encoding="UTF-8"?>
<!-- Generated by org.testng.reporters.JUnitReportReporter -->
<testsuite skipped="0" hostname="DESKTOP-4TKG998" name="test.TestngTest" tests="3" failures="0" timestamp="2019-12-28T13:42:34 CST" time="0.008" errors="0">
  <testcase name="mySecondTest" time="0.003" classname="test.TestngTest"/>
  <testcase name="mySecondTest" time="0.002" classname="test.TestngTest"/>
  <testcase name="myFirstTest" time="0.003" classname="test.TestngTest"/>
</testsuite> <!-- test.TestngTest -->
