<?xml version="1.0" encoding="UTF-8"?>
<!-- Generated by org.testng.reporters.JUnitReportReporter -->
<testsuite skipped="0" hostname="DESKTOP-4TKG998" name="attributes.FlightSearch" tests="1" failures="0" timestamp="2019-12-28T14:10:49 CST" time="0.057" errors="0">
  <testcase name="sprint1" time="0.057" classname="attributes.FlightSearch"/>
</testsuite> <!-- attributes.FlightSearch -->
