<?xml version="1.0" encoding="UTF-8"?>
<!-- Generated by org.testng.reporters.JUnitReportReporter -->
<testsuite skipped="0" hostname="DESKTOP-4TKG998" name="logintest.UserLogin" tests="1" failures="0" timestamp="2019-12-28T13:42:34 CST" time="0.004" errors="0">
  <testcase name="userLoginTest" time="0.004" classname="logintest.UserLogin"/>
</testsuite> <!-- logintest.UserLogin -->
